SF:lib/models/deck_model.dart
DA:7,2
DA:11,2
DA:12,2
DA:15,2
DA:18,4
DA:25,2
DA:26,4
DA:27,6
DA:30,4
DA:31,6
DA:40,4
DA:41,8
DA:42,8
DA:43,8
DA:46,12
DA:47,4
DA:50,8
DA:53,4
DA:54,8
DA:55,6
DA:56,2
DA:58,4
DA:61,4
DA:62,4
DA:63,2
DA:65,2
DA:72,3
DA:76,3
DA:77,6
DA:78,6
DA:79,6
DA:80,3
DA:83,3
DA:89,9
DA:90,6
DA:91,6
DA:95,2
DA:96,1
DA:97,5
DA:99,5
LF:40
LH:40
end_of_record
SF:lib/models/game_style.dart
DA:10,1
DA:12,3
DA:13,1
DA:18,1
DA:19,1
DA:25,1
DA:27,1
DA:29,1
DA:31,1
DA:33,1
DA:38,4
DA:40,4
DA:42,4
DA:44,2
DA:46,1
DA:51,1
DA:53,1
DA:54,2
DA:55,1
DA:57,1
DA:59,1
DA:64,1
DA:66,1
DA:77,1
DA:86,1
DA:98,1
LF:26
LH:26
end_of_record
SF:lib/misc.dart
DA:7,2
DA:9,2
DA:37,2
DA:44,2
DA:47,2
DA:48,2
LF:6
LH:6
end_of_record
SF:lib/models/backend_model.dart
DA:12,7
DA:13,8
DA:14,1
DA:18,1
DA:20,1
DA:21,1
DA:22,1
DA:24,1
DA:27,2
DA:28,1
DA:29,1
DA:33,0
DA:36,0
DA:37,0
DA:40,1
DA:41,1
DA:42,2
DA:43,1
DA:48,1
DA:50,1
DA:54,0
DA:56,0
DA:59,0
DA:61,0
DA:65,1
DA:70,0
DA:71,0
DA:72,0
DA:73,0
DA:77,1
DA:78,1
DA:82,0
DA:84,0
DA:85,0
DA:87,0
DA:88,0
DA:89,0
DA:90,0
DA:91,0
DA:93,0
DA:97,0
DA:104,1
DA:115,0
DA:117,0
DA:118,0
DA:119,0
DA:121,0
DA:124,0
DA:125,0
DA:126,0
DA:127,0
DA:129,0
DA:132,0
DA:136,0
DA:140,0
DA:141,0
DA:142,0
DA:143,0
DA:144,0
DA:145,0
DA:149,1
DA:153,1
DA:154,1
DA:155,1
DA:158,1
DA:159,1
DA:161,1
DA:163,1
DA:165,2
DA:174,1
DA:176,1
DA:180,0
DA:181,0
DA:183,0
DA:185,0
DA:186,0
DA:187,0
LF:77
LH:32
end_of_record
SF:lib/models/firebase_options.dart
DA:18,1
DA:22,1
DA:23,1
DA:25,0
DA:27,0
DA:29,0
DA:31,0
DA:32,0
DA:37,0
LF:9
LH:3
end_of_record
SF:lib/models/game_history.dart
DA:2,2
DA:4,2
DA:5,2
DA:6,4
DA:7,6
DA:13,1
DA:14,1
DA:15,1
DA:16,1
DA:20,1
DA:22,5
LF:11
LH:11
end_of_record
SF:lib/models/card_model.dart
DA:7,3
DA:8,3
DA:9,3
DA:11,3
DA:14,4
DA:15,3
DA:19,9
DA:41,3
DA:43,24
DA:46,3
DA:47,3
DA:48,3
DA:49,3
DA:50,3
DA:51,3
LF:15
LH:15
end_of_record
SF:lib/models/card_model_french.dart
DA:14,4
DA:15,4
DA:16,1
DA:18,4
DA:21,4
DA:24,4
DA:27,4
DA:30,4
DA:35,4
LF:9
LH:9
end_of_record
SF:lib/models/game_model.dart
DA:25,3
DA:36,9
DA:39,3
DA:80,12
DA:86,4
DA:88,3
DA:89,6
DA:90,6
DA:91,3
DA:99,4
DA:100,2
DA:111,1
DA:114,3
DA:115,6
DA:116,3
DA:119,0
DA:121,3
DA:126,3
DA:127,3
DA:128,0
DA:130,0
DA:131,0
DA:137,3
DA:139,1
DA:144,1
DA:145,3
DA:146,3
DA:147,3
DA:150,1
DA:152,5
DA:161,2
DA:162,6
DA:163,4
DA:164,4
DA:165,4
DA:166,8
DA:167,0
DA:171,2
DA:172,2
DA:174,2
DA:178,2
DA:179,2
DA:180,2
DA:181,1
DA:187,1
DA:188,1
DA:194,0
DA:195,0
DA:201,0
DA:202,0
DA:219,2
DA:220,4
DA:221,2
DA:229,2
DA:230,4
DA:232,4
DA:233,2
DA:234,4
DA:235,4
DA:239,3
DA:240,3
DA:241,12
DA:242,15
DA:255,1
DA:256,1
DA:257,5
DA:258,2
DA:259,5
DA:260,1
DA:261,1
DA:262,2
DA:266,1
DA:268,7
DA:272,2
DA:273,8
DA:276,6
DA:279,1
DA:280,5
DA:284,3
DA:285,6
DA:286,3
DA:287,6
DA:288,6
DA:290,6
DA:292,6
DA:295,9
DA:296,3
DA:297,3
DA:298,3
DA:302,9
DA:303,18
DA:305,3
DA:308,1
DA:309,1
DA:310,3
DA:311,3
DA:312,2
DA:321,3
DA:322,9
DA:323,12
DA:331,1
DA:335,2
DA:336,0
DA:340,3
DA:341,1
DA:342,0
DA:343,0
DA:345,0
DA:349,0
DA:354,0
DA:355,0
DA:356,0
DA:359,0
DA:360,0
DA:363,0
DA:365,0
DA:366,0
DA:371,0
DA:379,0
DA:384,0
DA:386,0
DA:387,0
DA:388,0
DA:391,0
DA:393,0
DA:401,0
DA:405,0
DA:407,0
DA:410,0
DA:411,0
DA:413,0
DA:417,0
DA:420,0
DA:425,0
DA:426,0
DA:432,1
DA:433,2
DA:434,2
DA:442,0
DA:447,0
DA:448,0
DA:454,0
DA:458,0
DA:463,0
DA:465,0
DA:466,0
DA:467,0
DA:471,0
DA:476,1
DA:480,2
DA:481,4
DA:483,0
DA:491,0
DA:495,0
DA:496,0
DA:497,0
DA:508,0
DA:509,0
DA:513,0
DA:514,0
DA:515,0
DA:520,3
DA:521,9
DA:525,1
DA:526,3
DA:527,1
DA:534,2
DA:535,4
DA:536,1
DA:543,1
DA:544,3
DA:546,5
DA:547,3
DA:548,4
DA:549,4
DA:550,1
DA:551,3
DA:552,4
DA:553,4
DA:555,5
DA:556,2
DA:557,5
DA:558,2
DA:559,5
DA:560,2
DA:563,1
DA:569,2
DA:570,2
DA:571,2
DA:573,4
DA:575,4
DA:578,2
DA:579,12
DA:580,2
DA:583,1
DA:588,1
DA:590,0
DA:592,1
DA:598,1
DA:599,2
DA:600,2
DA:602,2
DA:604,2
DA:606,1
DA:608,1
DA:614,1
DA:619,2
DA:622,2
DA:623,1
DA:624,1
DA:625,1
DA:628,1
DA:630,0
DA:636,0
DA:637,0
DA:638,0
LF:216
LH:151
end_of_record
SF:lib/models/player_model.dart
DA:13,4
DA:19,4
DA:38,3
DA:45,3
DA:46,3
DA:53,3
DA:54,3
DA:55,2
DA:60,6
DA:63,3
DA:64,3
DA:65,4
DA:69,3
DA:72,0
DA:90,1
DA:91,1
DA:92,0
DA:94,2
DA:101,4
DA:102,20
DA:105,3
DA:106,6
DA:109,4
DA:110,8
DA:113,4
DA:114,8
DA:117,1
DA:118,2
DA:121,2
DA:122,2
DA:123,2
DA:124,4
DA:125,4
DA:129,0
DA:131,0
DA:134,1
DA:139,1
DA:140,3
DA:141,3
DA:142,3
DA:143,5
DA:144,0
DA:145,0
DA:148,1
DA:149,6
LF:45
LH:39
end_of_record
SF:lib/models/hand_model.dart
DA:7,4
DA:8,8
DA:9,8
DA:12,3
DA:13,0
DA:15,0
DA:20,0
DA:21,0
DA:22,0
DA:23,0
DA:31,0
DA:32,0
DA:35,0
DA:36,0
DA:43,1
DA:44,5
DA:50,0
DA:51,0
DA:64,9
DA:71,1
DA:72,2
DA:75,3
DA:76,0
DA:78,0
DA:79,0
DA:82,12
DA:84,4
DA:85,8
DA:88,3
DA:89,12
DA:92,3
DA:93,6
DA:94,3
DA:98,1
DA:99,2
DA:102,0
DA:104,0
DA:107,3
DA:108,15
DA:111,0
DA:113,0
DA:114,0
DA:115,0
DA:122,2
DA:124,6
DA:128,6
DA:130,1
DA:131,1
DA:132,1
DA:133,1
DA:134,1
DA:138,1
DA:139,1
DA:140,1
DA:141,1
DA:142,1
DA:143,1
DA:144,1
DA:148,4
DA:149,2
DA:152,4
DA:153,6
DA:154,4
DA:161,2
DA:165,4
DA:166,9
DA:167,0
DA:168,0
DA:169,0
DA:170,0
DA:171,0
DA:175,2
DA:176,1
DA:177,3
DA:178,3
DA:179,3
DA:181,2
DA:182,4
DA:183,3
DA:189,4
DA:190,4
DA:191,16
DA:192,4
DA:193,8
DA:194,16
DA:198,1
DA:203,3
DA:204,4
DA:207,1
DA:208,2
DA:211,2
DA:212,10
LF:92
LH:66
end_of_record
SF:lib/models/player_status.dart
DA:6,5
DA:12,2
DA:13,2
DA:14,2
DA:15,2
DA:22,8
DA:26,15
DA:27,5
DA:28,5
DA:29,5
DA:30,5
DA:31,5
DA:32,5
DA:35,1
DA:36,2
DA:37,4
DA:41,1
LF:17
LH:17
end_of_record
SF:lib/widgets/cards/card_pile_widget.dart
DA:6,1
DA:29,1
DA:31,1
DA:33,1
DA:34,1
DA:35,1
DA:40,1
DA:42,3
DA:45,1
DA:46,3
DA:47,1
DA:48,1
DA:49,1
DA:50,1
DA:51,1
DA:52,1
DA:54,4
DA:55,2
DA:57,4
DA:58,2
DA:59,2
DA:60,2
DA:61,1
DA:64,1
DA:65,1
DA:66,1
DA:68,1
LF:27
LH:27
end_of_record
SF:lib/widgets/cards/card_face_french_widget.dart
DA:12,2
DA:20,2
DA:22,8
DA:25,2
DA:26,2
DA:28,2
DA:29,2
DA:30,2
DA:31,2
DA:32,2
DA:34,2
DA:37,2
DA:43,2
DA:44,6
DA:45,4
DA:46,2
DA:47,1
DA:49,1
DA:57,2
DA:58,2
DA:59,2
DA:60,1
DA:62,1
DA:63,1
DA:64,2
DA:69,1
DA:70,2
DA:78,2
DA:80,2
DA:81,2
DA:82,4
DA:92,2
DA:93,2
DA:95,2
DA:96,2
DA:97,6
DA:101,6
DA:107,2
DA:118,2
DA:119,2
DA:120,4
DA:121,2
DA:123,6
DA:129,2
DA:130,2
DA:131,4
DA:135,2
DA:136,2
DA:137,2
DA:138,2
DA:139,2
DA:140,2
DA:141,2
DA:142,2
DA:144,2
DA:145,6
DA:148,1
DA:149,3
DA:151,1
DA:152,1
DA:153,1
DA:154,1
DA:155,1
DA:158,1
DA:159,1
DA:160,1
DA:161,1
DA:162,1
DA:163,1
DA:166,1
DA:167,1
DA:169,1
DA:172,1
DA:173,1
DA:176,1
DA:177,1
DA:180,1
DA:181,1
DA:183,1
DA:184,1
DA:185,1
DA:188,1
DA:189,1
DA:190,1
DA:193,1
DA:194,1
DA:196,1
DA:197,1
DA:198,1
DA:200,1
DA:202,1
DA:203,1
DA:204,1
DA:207,1
DA:208,1
DA:210,1
DA:211,1
DA:213,1
DA:214,1
DA:216,1
DA:217,1
DA:219,1
DA:220,1
DA:223,1
DA:224,1
DA:226,1
DA:227,1
DA:228,1
DA:230,1
DA:231,1
DA:232,1
DA:234,1
DA:235,1
DA:236,1
DA:239,1
DA:240,1
DA:242,1
DA:243,1
DA:244,1
DA:245,1
DA:246,1
DA:249,1
DA:250,1
DA:251,1
DA:252,1
DA:253,1
DA:257,0
DA:260,2
DA:261,1
DA:262,1
DA:263,2
DA:264,2
DA:265,1
DA:273,1
DA:274,1
DA:275,1
DA:277,1
DA:280,1
DA:281,3
DA:291,2
DA:293,2
DA:294,1
DA:296,1
DA:297,1
LF:144
LH:143
end_of_record
SF:lib/widgets/cards/card_face_skyjo_widget.dart
DA:15,1
DA:20,1
DA:22,3
DA:25,1
DA:27,1
DA:29,1
DA:30,1
DA:31,1
DA:34,1
DA:35,1
DA:36,1
DA:38,3
DA:45,1
DA:46,1
DA:47,1
DA:50,1
DA:52,2
DA:53,1
DA:56,1
DA:58,1
DA:69,1
DA:70,1
DA:71,1
DA:72,1
DA:73,2
DA:83,1
DA:84,1
DA:85,1
DA:86,1
DA:87,3
DA:88,1
DA:91,1
DA:92,1
DA:93,1
DA:94,1
DA:98,1
DA:99,3
DA:100,1
DA:112,1
DA:113,1
DA:115,1
DA:117,1
DA:119,1
LF:43
LH:43
end_of_record
SF:lib/widgets/cards/card_widget.dart
DA:24,2
DA:34,2
DA:36,2
DA:37,0
DA:39,0
DA:41,0
DA:42,2
DA:43,2
DA:44,2
DA:45,2
DA:51,2
DA:52,2
DA:53,4
DA:54,2
DA:56,2
DA:60,2
DA:62,2
DA:63,2
DA:65,6
DA:66,2
DA:67,4
DA:74,1
DA:75,1
DA:77,1
DA:79,1
DA:84,1
DA:85,1
LF:27
LH:24
end_of_record
SF:lib/widgets/wiggle_widget.dart
DA:7,2
DA:11,2
DA:12,2
DA:21,2
DA:23,2
DA:26,4
DA:31,8
DA:32,4
DA:35,8
DA:36,2
DA:37,2
DA:43,2
DA:45,2
DA:46,2
DA:47,2
DA:50,2
DA:52,4
DA:53,2
DA:54,2
DA:55,2
DA:56,2
DA:57,2
DA:58,4
DA:62,4
DA:66,4
LF:25
LH:25
end_of_record
