TN:
SF:lib/misc.dart
FNF:0
FNH:0
DA:7,1
DA:9,1
DA:37,1
DA:44,1
DA:47,1
DA:48,1
LF:6
LH:6
end_of_record
TN:
SF:lib/models/backend_model.dart
FNF:0
FNH:0
DA:11,3
DA:12,9
DA:14,0
DA:15,0
DA:16,0
DA:17,0
DA:18,0
DA:23,0
DA:24,0
DA:25,0
DA:28,0
DA:29,0
DA:32,0
DA:37,0
DA:38,0
DA:39,0
DA:44,0
DA:45,0
DA:46,0
DA:50,0
DA:52,0
DA:55,0
DA:57,0
DA:61,0
DA:62,0
DA:66,0
DA:67,0
DA:68,0
DA:69,0
DA:73,0
DA:74,0
DA:78,0
DA:80,0
DA:81,0
DA:83,0
DA:84,0
DA:85,0
DA:86,0
DA:88,0
DA:92,0
DA:98,0
DA:103,0
DA:109,0
DA:111,0
DA:112,0
DA:113,0
DA:115,0
DA:118,0
DA:119,0
DA:120,0
DA:121,0
DA:123,0
DA:126,0
DA:130,0
DA:134,0
DA:135,0
DA:136,0
DA:137,0
DA:138,0
DA:139,0
DA:143,0
DA:147,0
DA:148,0
DA:149,0
DA:152,0
DA:153,0
DA:155,0
DA:157,0
DA:159,0
DA:168,0
DA:170,0
DA:171,0
DA:173,0
DA:175,0
DA:176,0
DA:177,0
LF:76
LH:2
end_of_record
TN:
SF:lib/models/card_model.dart
FNF:0
FNH:0
DA:7,3
DA:8,3
DA:9,3
DA:11,3
DA:14,4
DA:15,3
DA:19,8
DA:41,2
DA:43,16
DA:46,3
DA:47,3
DA:48,3
DA:49,3
DA:50,3
DA:51,3
LF:15
LH:15
end_of_record
TN:
SF:lib/models/card_model_french.dart
FNF:0
FNH:0
DA:14,4
DA:15,4
DA:16,0
DA:18,4
DA:21,4
DA:24,4
DA:27,4
DA:30,4
DA:35,4
LF:9
LH:8
end_of_record
TN:
SF:lib/models/deck_model.dart
FNF:0
FNH:0
DA:7,0
DA:10,2
DA:11,2
DA:12,2
DA:15,2
DA:18,4
DA:22,2
DA:23,4
DA:24,6
DA:27,4
DA:28,6
DA:37,4
DA:38,8
DA:39,8
DA:40,8
DA:43,12
DA:44,4
DA:47,8
DA:50,4
DA:51,8
DA:52,3
DA:53,1
DA:55,2
DA:58,2
DA:59,2
DA:60,1
DA:62,1
DA:69,3
DA:73,3
DA:74,6
DA:75,6
DA:76,6
DA:77,3
DA:80,3
DA:86,9
DA:87,6
DA:88,6
DA:92,2
DA:93,1
DA:94,5
DA:96,5
LF:41
LH:40
end_of_record
TN:
SF:lib/models/firebase_options.dart
FNF:0
FNH:0
DA:18,0
DA:22,0
DA:23,0
DA:25,0
DA:27,0
DA:29,0
DA:31,0
DA:32,0
DA:37,0
LF:9
LH:0
end_of_record
TN:
SF:lib/models/game_history.dart
FNF:0
FNH:0
DA:2,1
DA:4,1
DA:5,1
DA:6,2
DA:7,3
DA:13,1
DA:14,1
DA:15,1
DA:16,1
DA:20,1
DA:22,5
LF:11
LH:11
end_of_record
TN:
SF:lib/models/game_model.dart
FNF:0
FNH:0
DA:23,3
DA:34,9
DA:37,3
DA:78,12
DA:84,4
DA:86,3
DA:87,6
DA:88,4
DA:89,2
DA:97,4
DA:98,2
DA:109,1
DA:112,3
DA:113,6
DA:114,3
DA:116,3
DA:117,0
DA:119,3
DA:124,3
DA:125,3
DA:126,0
DA:128,0
DA:129,0
DA:135,3
DA:137,0
DA:142,0
DA:143,0
DA:144,0
DA:145,0
DA:148,0
DA:150,0
DA:159,2
DA:160,6
DA:161,4
DA:162,4
DA:163,4
DA:164,8
DA:165,0
DA:169,2
DA:170,2
DA:172,2
DA:176,2
DA:177,4
DA:178,0
DA:185,2
DA:202,2
DA:203,4
DA:204,2
DA:212,2
DA:213,4
DA:215,4
DA:216,2
DA:217,4
DA:218,4
DA:222,3
DA:223,3
DA:224,12
DA:225,15
DA:238,1
DA:239,1
DA:240,5
DA:241,2
DA:242,5
DA:243,1
DA:244,1
DA:245,2
DA:249,0
DA:251,0
DA:255,2
DA:256,8
DA:259,6
DA:262,1
DA:263,5
DA:267,3
DA:268,6
DA:269,3
DA:270,6
DA:271,6
DA:273,6
DA:276,6
DA:277,3
DA:278,3
DA:279,3
DA:283,9
DA:284,18
DA:286,3
DA:289,0
DA:290,0
DA:291,0
DA:292,0
DA:293,0
DA:302,3
DA:303,9
DA:304,12
DA:312,1
DA:316,2
DA:317,0
DA:321,3
DA:322,1
DA:323,0
DA:324,0
DA:326,0
DA:330,0
DA:335,0
DA:336,0
DA:337,0
DA:340,0
DA:341,0
DA:344,0
DA:346,0
DA:347,0
DA:352,0
DA:360,0
DA:365,0
DA:367,0
DA:368,0
DA:369,0
DA:372,0
DA:374,0
DA:382,0
DA:386,0
DA:388,0
DA:391,0
DA:392,0
DA:394,0
DA:398,0
DA:401,0
DA:406,0
DA:407,0
DA:413,1
DA:414,2
DA:415,2
DA:423,0
DA:428,0
DA:429,0
DA:435,0
DA:439,0
DA:444,0
DA:446,0
DA:447,0
DA:448,0
DA:452,0
DA:457,1
DA:461,2
DA:462,4
DA:464,0
DA:472,0
DA:476,0
DA:477,0
DA:478,0
DA:489,0
DA:490,0
DA:494,0
DA:495,0
DA:496,0
DA:501,3
DA:502,9
DA:506,1
DA:507,3
DA:508,1
DA:515,2
DA:516,4
DA:517,1
DA:524,1
DA:525,3
DA:527,5
DA:528,3
DA:529,4
DA:530,4
DA:531,1
DA:532,3
DA:533,4
DA:534,4
DA:536,5
DA:537,2
DA:538,5
DA:539,2
DA:540,5
DA:541,2
DA:544,1
DA:550,2
DA:551,2
DA:552,2
DA:554,4
DA:556,4
DA:559,2
DA:560,12
DA:561,2
DA:564,0
DA:569,0
DA:570,0
DA:571,0
DA:573,0
DA:579,1
DA:580,2
DA:581,2
DA:583,2
DA:585,2
DA:587,1
DA:589,1
DA:595,1
DA:600,2
DA:603,2
DA:604,1
DA:605,1
DA:606,1
DA:609,0
DA:611,0
DA:617,0
DA:618,0
DA:619,0
LF:211
LH:130
end_of_record
TN:
SF:lib/models/hand_model.dart
FNF:0
FNH:0
DA:5,4
DA:6,8
DA:7,8
DA:10,3
DA:11,0
DA:13,0
DA:18,0
DA:19,0
DA:20,0
DA:21,0
DA:29,0
DA:30,0
DA:33,0
DA:34,0
DA:41,0
DA:42,0
DA:48,0
DA:49,0
DA:62,12
DA:69,1
DA:70,2
DA:73,3
DA:74,0
DA:76,0
DA:77,0
DA:80,12
DA:82,4
DA:83,8
DA:86,3
DA:87,12
DA:90,3
DA:91,6
DA:92,3
DA:96,1
DA:97,2
DA:100,0
DA:102,0
DA:105,2
DA:106,10
DA:109,0
DA:111,0
DA:112,0
DA:113,0
DA:120,1
DA:122,3
DA:124,1
DA:125,1
DA:126,1
DA:127,1
DA:128,1
DA:129,1
DA:130,1
DA:135,2
DA:136,1
DA:139,2
DA:140,3
DA:141,2
DA:148,1
DA:152,2
DA:153,1
DA:154,3
DA:155,3
DA:156,3
DA:158,2
DA:159,4
DA:160,3
DA:166,1
DA:171,3
DA:172,4
DA:175,1
DA:176,2
DA:179,2
DA:180,10
LF:73
LH:50
end_of_record
TN:
SF:lib/models/player_model.dart
FNF:0
FNH:0
DA:13,4
DA:19,4
DA:38,3
DA:45,3
DA:46,3
DA:53,9
DA:57,6
DA:60,3
DA:61,3
DA:62,4
DA:66,3
DA:69,2
DA:87,1
DA:88,1
DA:89,0
DA:91,2
DA:98,4
DA:99,20
DA:102,3
DA:103,6
DA:106,4
DA:107,8
DA:110,4
DA:111,12
DA:112,12
DA:115,0
DA:120,0
DA:121,0
DA:124,1
DA:125,2
DA:128,2
DA:129,2
DA:130,2
DA:131,4
DA:132,4
DA:136,0
DA:138,0
DA:141,0
DA:146,0
DA:147,0
DA:148,0
DA:149,0
DA:150,0
DA:151,0
DA:152,0
DA:155,0
DA:156,0
LF:47
LH:31
end_of_record
TN:
SF:lib/models/player_status.dart
FNF:0
FNH:0
DA:6,4
DA:12,3
DA:13,3
DA:14,1
DA:15,1
DA:22,0
DA:24,8
DA:28,12
DA:29,4
DA:30,4
DA:31,4
DA:32,4
DA:33,4
DA:34,4
DA:37,0
DA:38,0
DA:39,0
DA:43,0
LF:18
LH:13
end_of_record
TN:
SF:lib/widgets/cards/card_face_french_widget.dart
FNF:0
FNH:0
DA:12,1
DA:20,1
DA:22,4
DA:25,1
DA:26,1
DA:28,1
DA:29,1
DA:30,1
DA:31,1
DA:32,1
DA:34,1
DA:37,1
DA:43,1
DA:44,3
DA:45,2
DA:46,1
DA:47,0
DA:49,0
DA:50,0
DA:59,1
DA:60,1
DA:61,1
DA:62,1
DA:64,1
DA:65,1
DA:66,2
DA:71,1
DA:72,2
DA:80,1
DA:82,1
DA:83,1
DA:84,2
DA:94,1
DA:95,1
DA:97,1
DA:98,1
DA:99,3
DA:103,3
DA:109,1
DA:120,1
DA:121,1
DA:122,2
DA:123,1
DA:125,3
DA:131,1
DA:132,1
DA:133,2
DA:137,1
DA:138,0
DA:139,1
DA:140,2
DA:141,1
DA:142,2
DA:143,1
DA:144,2
DA:146,1
DA:147,3
DA:150,1
DA:151,3
DA:153,1
DA:154,1
DA:155,1
DA:156,1
DA:157,1
DA:160,1
DA:161,1
DA:162,1
DA:163,1
DA:164,1
DA:165,1
DA:168,1
DA:169,1
DA:171,1
DA:174,1
DA:175,1
DA:178,1
DA:179,1
DA:182,1
DA:183,1
DA:185,1
DA:186,1
DA:187,1
DA:190,1
DA:191,1
DA:192,1
DA:195,1
DA:196,1
DA:198,1
DA:199,1
DA:200,1
DA:202,1
DA:204,1
DA:205,1
DA:206,1
DA:209,1
DA:210,1
DA:212,1
DA:213,1
DA:215,1
DA:216,1
DA:218,1
DA:219,1
DA:221,1
DA:222,1
DA:225,1
DA:226,1
DA:228,1
DA:229,1
DA:230,1
DA:232,1
DA:233,1
DA:234,1
DA:236,1
DA:237,1
DA:238,1
DA:241,1
DA:242,1
DA:244,1
DA:245,1
DA:246,1
DA:247,1
DA:248,1
DA:251,1
DA:252,1
DA:253,1
DA:254,1
DA:255,1
DA:259,0
DA:262,2
DA:263,1
DA:264,1
DA:265,2
DA:266,2
DA:267,1
DA:275,1
DA:276,1
DA:277,1
DA:279,1
DA:282,1
DA:283,3
DA:293,1
DA:295,1
DA:296,1
DA:298,1
DA:299,1
LF:145
LH:140
end_of_record
TN:
SF:lib/widgets/cards/card_face_skyjo_widget.dart
FNF:0
FNH:0
DA:15,1
DA:20,1
DA:22,3
DA:25,1
DA:27,1
DA:29,1
DA:30,1
DA:31,1
DA:34,1
DA:35,1
DA:36,1
DA:38,3
DA:45,1
DA:46,1
DA:47,1
DA:50,1
DA:52,2
DA:53,1
DA:56,1
DA:58,1
DA:69,1
DA:70,1
DA:71,1
DA:72,1
DA:73,2
DA:83,1
DA:84,1
DA:85,1
DA:86,1
DA:87,3
DA:88,1
DA:91,1
DA:92,1
DA:93,1
DA:94,1
DA:98,1
DA:99,3
DA:100,1
DA:112,1
DA:113,1
DA:115,1
DA:117,1
DA:119,1
LF:43
LH:43
end_of_record
TN:
SF:lib/widgets/cards/card_widget.dart
FNF:0
FNH:0
DA:24,1
DA:34,1
DA:36,1
DA:37,0
DA:39,0
DA:41,0
DA:42,1
DA:43,1
DA:44,1
DA:45,1
DA:51,1
DA:52,1
DA:53,2
DA:54,1
DA:56,1
DA:60,1
DA:62,1
DA:63,1
DA:65,3
DA:66,2
DA:67,2
DA:74,0
DA:75,0
DA:77,0
DA:79,0
DA:84,0
DA:85,0
LF:27
LH:18
end_of_record
TN:
SF:lib/widgets/wiggle_widget.dart
FNF:0
FNH:0
DA:7,1
DA:11,1
DA:12,1
DA:21,1
DA:23,1
DA:26,2
DA:31,4
DA:32,2
DA:35,4
DA:36,1
DA:37,1
DA:43,1
DA:45,1
DA:46,1
DA:47,1
DA:50,1
DA:52,2
DA:53,0
DA:54,0
DA:55,0
DA:56,0
DA:57,0
DA:58,0
DA:62,0
DA:66,2
LF:25
LH:18
end_of_record
