SF:lib/models/deck_model.dart
DA:7,0
DA:10,1
DA:11,1
DA:12,1
DA:15,1
DA:18,3
DA:22,1
DA:23,2
DA:24,2
DA:27,2
DA:28,2
DA:37,3
DA:38,6
DA:39,6
DA:40,6
DA:43,9
DA:44,3
DA:47,6
DA:50,3
DA:51,6
DA:52,3
DA:53,1
DA:55,2
DA:58,2
DA:59,2
DA:60,1
DA:62,1
DA:69,2
DA:73,2
DA:74,4
DA:75,4
DA:76,4
DA:77,2
DA:80,2
DA:86,6
DA:87,4
DA:88,4
DA:92,0
DA:93,0
DA:94,0
DA:96,0
LF:41
LH:36
end_of_record
SF:lib/models/card_model.dart
DA:7,2
DA:8,2
DA:9,2
DA:11,2
DA:14,2
DA:15,2
DA:19,6
DA:41,2
DA:43,16
DA:46,2
DA:47,2
DA:48,2
DA:49,2
DA:50,2
DA:51,2
LF:15
LH:15
end_of_record
SF:lib/models/card_model_french.dart
DA:14,2
DA:15,2
DA:16,0
DA:18,2
DA:21,2
DA:24,2
DA:27,2
DA:30,2
DA:35,2
LF:9
LH:8
end_of_record
SF:lib/models/player_model.dart
DA:13,3
DA:19,3
DA:38,2
DA:45,2
DA:46,2
DA:53,6
DA:57,4
DA:60,2
DA:61,2
DA:62,2
DA:66,2
DA:69,0
DA:87,1
DA:88,1
DA:89,0
DA:91,2
DA:98,3
DA:99,15
DA:102,2
DA:103,4
DA:106,3
DA:107,6
DA:110,3
DA:111,9
DA:112,9
DA:115,0
DA:120,0
DA:121,0
DA:124,1
DA:125,2
DA:128,1
DA:129,1
DA:130,1
DA:131,2
DA:132,2
DA:136,0
DA:138,0
DA:141,0
DA:146,0
DA:147,0
DA:148,0
DA:149,0
DA:150,0
DA:151,0
DA:152,0
DA:155,0
DA:156,0
LF:47
LH:30
end_of_record
SF:lib/misc.dart
DA:7,0
DA:9,0
DA:37,0
DA:44,0
DA:47,0
DA:48,0
LF:6
LH:0
end_of_record
SF:lib/models/hand_model.dart
DA:5,3
DA:6,6
DA:7,6
DA:10,3
DA:11,0
DA:13,0
DA:18,0
DA:19,0
DA:20,0
DA:21,0
DA:29,0
DA:30,0
DA:33,0
DA:34,0
DA:41,0
DA:42,0
DA:48,0
DA:49,0
DA:62,9
DA:69,0
DA:70,0
DA:73,3
DA:74,0
DA:76,0
DA:77,0
DA:80,9
DA:82,3
DA:83,6
DA:86,2
DA:87,8
DA:90,2
DA:91,4
DA:92,2
DA:96,1
DA:97,2
DA:100,0
DA:102,0
DA:105,1
DA:106,5
DA:109,0
DA:111,0
DA:112,0
DA:113,0
DA:120,1
DA:122,3
DA:124,1
DA:125,1
DA:126,1
DA:127,1
DA:128,1
DA:129,1
DA:130,1
DA:135,2
DA:136,1
DA:139,2
DA:140,3
DA:141,2
DA:148,1
DA:152,2
DA:153,1
DA:154,3
DA:155,3
DA:156,3
DA:158,2
DA:159,4
DA:160,3
DA:166,1
DA:171,3
DA:172,4
DA:175,1
DA:176,2
DA:179,1
DA:180,5
LF:73
LH:48
end_of_record
SF:lib/models/player_status.dart
DA:6,3
DA:12,2
DA:13,2
DA:14,0
DA:15,0
DA:22,0
DA:24,4
DA:28,9
DA:29,3
DA:30,3
DA:31,3
DA:32,3
DA:33,3
DA:34,3
DA:37,0
DA:38,0
DA:39,0
DA:43,0
LF:18
LH:11
end_of_record
SF:lib/models/game_model.dart
DA:23,2
DA:34,6
DA:37,2
DA:78,8
DA:84,2
DA:86,2
DA:87,4
DA:88,4
DA:89,2
DA:97,2
DA:98,1
DA:109,0
DA:112,2
DA:113,4
DA:114,2
DA:116,2
DA:117,0
DA:119,2
DA:124,2
DA:125,2
DA:126,0
DA:128,0
DA:129,0
DA:135,3
DA:137,0
DA:142,0
DA:143,0
DA:144,0
DA:145,0
DA:148,0
DA:150,0
DA:159,1
DA:160,3
DA:161,2
DA:162,2
DA:163,2
DA:164,4
DA:165,0
DA:169,1
DA:170,1
DA:172,1
DA:176,1
DA:177,2
DA:178,0
DA:185,1
DA:202,1
DA:203,2
DA:204,1
DA:212,1
DA:213,2
DA:215,2
DA:216,1
DA:217,2
DA:218,2
DA:222,2
DA:223,2
DA:224,8
DA:225,10
DA:238,0
DA:239,0
DA:240,0
DA:241,0
DA:242,0
DA:243,0
DA:244,0
DA:245,0
DA:249,0
DA:251,0
DA:255,1
DA:256,4
DA:259,3
DA:262,0
DA:263,0
DA:267,2
DA:268,4
DA:269,2
DA:270,4
DA:271,4
DA:273,4
DA:276,4
DA:277,2
DA:278,2
DA:279,2
DA:283,6
DA:284,12
DA:286,2
DA:289,0
DA:290,0
DA:291,0
DA:292,0
DA:293,0
DA:302,2
DA:303,6
DA:304,8
DA:312,1
DA:316,2
DA:317,0
DA:321,3
DA:322,1
DA:323,0
DA:324,0
DA:326,0
DA:330,0
DA:335,0
DA:336,0
DA:337,0
DA:340,0
DA:341,0
DA:344,0
DA:346,0
DA:347,0
DA:352,0
DA:360,0
DA:365,0
DA:367,0
DA:368,0
DA:369,0
DA:372,0
DA:374,0
DA:382,0
DA:386,0
DA:388,0
DA:391,0
DA:392,0
DA:394,0
DA:398,0
DA:401,0
DA:406,0
DA:407,0
DA:413,1
DA:414,2
DA:415,2
DA:423,0
DA:428,0
DA:429,0
DA:435,0
DA:439,0
DA:444,0
DA:446,0
DA:447,0
DA:448,0
DA:452,0
DA:457,0
DA:461,0
DA:462,0
DA:464,0
DA:472,0
DA:476,0
DA:477,0
DA:478,0
DA:489,0
DA:490,0
DA:494,0
DA:495,0
DA:496,0
DA:501,2
DA:502,6
DA:506,1
DA:507,3
DA:508,1
DA:515,2
DA:516,4
DA:517,1
DA:524,1
DA:525,3
DA:527,5
DA:528,3
DA:529,4
DA:530,4
DA:531,1
DA:532,3
DA:533,4
DA:534,4
DA:536,5
DA:537,2
DA:538,5
DA:539,2
DA:540,5
DA:541,2
DA:544,1
DA:550,2
DA:551,2
DA:552,2
DA:554,4
DA:556,4
DA:559,2
DA:560,12
DA:561,2
DA:564,0
DA:569,0
DA:570,0
DA:571,0
DA:573,0
DA:579,1
DA:580,2
DA:581,2
DA:583,2
DA:585,2
DA:587,1
DA:589,1
DA:595,0
DA:600,0
DA:603,0
DA:604,0
DA:605,0
DA:606,0
DA:609,0
DA:611,0
DA:617,0
DA:618,0
DA:619,0
LF:211
LH:110
end_of_record
SF:lib/models/backend_model.dart
DA:11,2
DA:12,6
DA:14,0
DA:15,0
DA:16,0
DA:17,0
DA:18,0
DA:23,0
DA:24,0
DA:25,0
DA:28,0
DA:29,0
DA:32,0
DA:37,0
DA:38,0
DA:39,0
DA:44,0
DA:45,0
DA:46,0
DA:50,0
DA:52,0
DA:55,0
DA:57,0
DA:61,0
DA:62,0
DA:66,0
DA:67,0
DA:68,0
DA:69,0
DA:73,0
DA:74,0
DA:78,0
DA:80,0
DA:81,0
DA:83,0
DA:84,0
DA:85,0
DA:86,0
DA:88,0
DA:92,0
DA:98,0
DA:103,0
DA:109,0
DA:111,0
DA:112,0
DA:113,0
DA:115,0
DA:118,0
DA:119,0
DA:120,0
DA:121,0
DA:123,0
DA:126,0
DA:130,0
DA:134,0
DA:135,0
DA:136,0
DA:137,0
DA:138,0
DA:139,0
DA:143,0
DA:147,0
DA:148,0
DA:149,0
DA:152,0
DA:153,0
DA:155,0
DA:157,0
DA:159,0
DA:168,0
DA:170,0
DA:171,0
DA:173,0
DA:175,0
DA:176,0
DA:177,0
LF:76
LH:2
end_of_record
SF:lib/models/firebase_options.dart
DA:18,0
DA:22,0
DA:23,0
DA:25,0
DA:27,0
DA:29,0
DA:31,0
DA:32,0
DA:37,0
LF:9
LH:0
end_of_record
SF:lib/models/game_history.dart
DA:2,0
DA:4,0
DA:5,0
DA:6,0
DA:7,0
DA:13,0
DA:14,0
DA:15,0
DA:16,0
DA:20,0
DA:22,0
LF:11
LH:0
end_of_record
